<?xml version="1.0" encoding="UTF-8"?>
<coverage generated="1654082653757" clover="3.2.0">
  <project timestamp="1654082653757" name="All files">
    <metrics statements="107" coveredstatements="55" conditionals="16" coveredconditionals="1" methods="34" coveredmethods="11" elements="157" coveredelements="67" complexity="0" loc="107" ncloc="107" packages="7" files="16" classes="16"/>
    <package name="src">
      <metrics statements="4" coveredstatements="4" conditionals="0" coveredconditionals="0" methods="1" coveredmethods="1"/>
      <file name="App.vue" path="C:\Personal project\accredify\Dev-Interview\front-end\boilerplate\src\App.vue">
        <metrics statements="4" coveredstatements="4" conditionals="0" coveredconditionals="0" methods="1" coveredmethods="1"/>
        <line num="9" count="1" type="stmt"/>
        <line num="10" count="1" type="stmt"/>
        <line num="12" count="1" type="stmt"/>
        <line num="19" count="4" type="stmt"/>
      </file>
    </package>
    <package name="src.__mock__">
      <metrics statements="1" coveredstatements="1" conditionals="0" coveredconditionals="0" methods="0" coveredmethods="0"/>
      <file name="mock.js" path="C:\Personal project\accredify\Dev-Interview\front-end\boilerplate\src\__mock__\mock.js">
        <metrics statements="1" coveredstatements="1" conditionals="0" coveredconditionals="0" methods="0" coveredmethods="0"/>
        <line num="1" count="2" type="stmt"/>
      </file>
    </package>
    <package name="src.api">
      <metrics statements="7" coveredstatements="7" conditionals="0" coveredconditionals="0" methods="2" coveredmethods="2"/>
      <file name="index.js" path="C:\Personal project\accredify\Dev-Interview\front-end\boilerplate\src\api\index.js">
        <metrics statements="7" coveredstatements="7" conditionals="0" coveredconditionals="0" methods="2" coveredmethods="2"/>
        <line num="3" count="1" type="stmt"/>
        <line num="4" count="1" type="stmt"/>
        <line num="8" count="1" type="stmt"/>
        <line num="12" count="2" type="stmt"/>
        <line num="16" count="2" type="stmt"/>
        <line num="19" count="2" type="stmt"/>
        <line num="22" count="2" type="stmt"/>
      </file>
    </package>
    <package name="src.components">
      <metrics statements="28" coveredstatements="26" conditionals="6" coveredconditionals="1" methods="8" coveredmethods="5"/>
      <file name="CatDetail.vue" path="C:\Personal project\accredify\Dev-Interview\front-end\boilerplate\src\components\CatDetail.vue">
        <metrics statements="12" coveredstatements="11" conditionals="6" coveredconditionals="1" methods="4" coveredmethods="2"/>
        <line num="40" count="2" type="stmt"/>
        <line num="41" count="2" type="stmt"/>
        <line num="42" count="2" type="stmt"/>
        <line num="43" count="2" type="stmt"/>
        <line num="45" count="2" type="stmt"/>
        <line num="51" count="2" type="stmt"/>
        <line num="52" count="2" type="stmt"/>
        <line num="53" count="2" type="cond" truecount="1" falsecount="5"/>
        <line num="54" count="2" type="stmt"/>
        <line num="59" count="2" type="stmt"/>
        <line num="60" count="0" type="stmt"/>
        <line num="62" count="2" type="stmt"/>
      </file>
      <file name="CatTable.vue" path="C:\Personal project\accredify\Dev-Interview\front-end\boilerplate\src\components\CatTable.vue">
        <metrics statements="6" coveredstatements="5" conditionals="0" coveredconditionals="0" methods="2" coveredmethods="1"/>
        <line num="28" count="1" type="stmt"/>
        <line num="29" count="1" type="stmt"/>
        <line num="31" count="1" type="stmt"/>
        <line num="38" count="2" type="stmt"/>
        <line num="40" count="0" type="stmt"/>
        <line num="42" count="2" type="stmt"/>
      </file>
      <file name="Footer.vue" path="C:\Personal project\accredify\Dev-Interview\front-end\boilerplate\src\components\Footer.vue">
        <metrics statements="5" coveredstatements="5" conditionals="0" coveredconditionals="0" methods="1" coveredmethods="1"/>
        <line num="8" count="2" type="stmt"/>
        <line num="9" count="2" type="stmt"/>
        <line num="11" count="2" type="stmt"/>
        <line num="14" count="6" type="stmt"/>
        <line num="15" count="6" type="stmt"/>
      </file>
      <file name="Header.vue" path="C:\Personal project\accredify\Dev-Interview\front-end\boilerplate\src\components\Header.vue">
        <metrics statements="5" coveredstatements="5" conditionals="0" coveredconditionals="0" methods="1" coveredmethods="1"/>
        <line num="13" count="2" type="stmt"/>
        <line num="14" count="2" type="stmt"/>
        <line num="16" count="2" type="stmt"/>
        <line num="22" count="6" type="stmt"/>
        <line num="23" count="6" type="stmt"/>
      </file>
    </package>
    <package name="src.router">
      <metrics statements="4" coveredstatements="0" conditionals="0" coveredconditionals="0" methods="2" coveredmethods="0"/>
      <file name="index.js" path="C:\Personal project\accredify\Dev-Interview\front-end\boilerplate\src\router\index.js">
        <metrics statements="4" coveredstatements="0" conditionals="0" coveredconditionals="0" methods="2" coveredmethods="0"/>
        <line num="4" count="0" type="stmt"/>
        <line num="16" count="0" type="stmt"/>
        <line num="21" count="0" type="stmt"/>
        <line num="25" count="0" type="stmt"/>
      </file>
    </package>
    <package name="src.store">
      <metrics statements="28" coveredstatements="5" conditionals="0" coveredconditionals="0" methods="11" coveredmethods="1"/>
      <file name="action_types.js" path="C:\Personal project\accredify\Dev-Interview\front-end\boilerplate\src\store\action_types.js">
        <metrics statements="4" coveredstatements="4" conditionals="0" coveredconditionals="0" methods="0" coveredmethods="0"/>
        <line num="1" count="3" type="stmt"/>
        <line num="2" count="3" type="stmt"/>
        <line num="3" count="3" type="stmt"/>
        <line num="4" count="3" type="stmt"/>
      </file>
      <file name="actions.js" path="C:\Personal project\accredify\Dev-Interview\front-end\boilerplate\src\store\actions.js">
        <metrics statements="16" coveredstatements="0" conditionals="0" coveredconditionals="0" methods="3" coveredmethods="0"/>
        <line num="8" count="0" type="stmt"/>
        <line num="12" count="0" type="stmt"/>
        <line num="13" count="0" type="stmt"/>
        <line num="14" count="0" type="stmt"/>
        <line num="15" count="0" type="stmt"/>
        <line num="17" count="0" type="stmt"/>
        <line num="21" count="0" type="stmt"/>
        <line num="22" count="0" type="stmt"/>
        <line num="23" count="0" type="stmt"/>
        <line num="24" count="0" type="stmt"/>
        <line num="25" count="0" type="stmt"/>
        <line num="27" count="0" type="stmt"/>
        <line num="31" count="0" type="stmt"/>
        <line num="32" count="0" type="stmt"/>
        <line num="33" count="0" type="stmt"/>
        <line num="35" count="0" type="stmt"/>
      </file>
      <file name="getters.js" path="C:\Personal project\accredify\Dev-Interview\front-end\boilerplate\src\store\getters.js">
        <metrics statements="4" coveredstatements="0" conditionals="0" coveredconditionals="0" methods="4" coveredmethods="0"/>
        <line num="3" count="0" type="stmt"/>
        <line num="6" count="0" type="stmt"/>
        <line num="9" count="0" type="stmt"/>
        <line num="12" count="0" type="stmt"/>
      </file>
      <file name="index.js" path="C:\Personal project\accredify\Dev-Interview\front-end\boilerplate\src\store\index.js">
        <metrics statements="0" coveredstatements="0" conditionals="0" coveredconditionals="0" methods="0" coveredmethods="0"/>
      </file>
      <file name="mutations.js" path="C:\Personal project\accredify\Dev-Interview\front-end\boilerplate\src\store\mutations.js">
        <metrics statements="3" coveredstatements="0" conditionals="0" coveredconditionals="0" methods="3" coveredmethods="0"/>
        <line num="3" count="0" type="stmt"/>
        <line num="6" count="0" type="stmt"/>
        <line num="9" count="0" type="stmt"/>
      </file>
      <file name="state.js" path="C:\Personal project\accredify\Dev-Interview\front-end\boilerplate\src\store\state.js">
        <metrics statements="1" coveredstatements="1" conditionals="0" coveredconditionals="0" methods="1" coveredmethods="1"/>
        <line num="1" count="3" type="stmt"/>
      </file>
    </package>
    <package name="src.views">
      <metrics statements="35" coveredstatements="12" conditionals="10" coveredconditionals="0" methods="10" coveredmethods="2"/>
      <file name="Detail.vue" path="C:\Personal project\accredify\Dev-Interview\front-end\boilerplate\src\views\Detail.vue">
        <metrics statements="14" coveredstatements="12" conditionals="2" coveredconditionals="0" methods="3" coveredmethods="2"/>
        <line num="8" count="1" type="stmt"/>
        <line num="9" count="1" type="stmt"/>
        <line num="10" count="1" type="stmt"/>
        <line num="11" count="1" type="stmt"/>
        <line num="12" count="1" type="stmt"/>
        <line num="14" count="1" type="stmt"/>
        <line num="20" count="3" type="stmt"/>
        <line num="21" count="3" type="stmt"/>
        <line num="22" count="3" type="stmt"/>
        <line num="23" count="3" type="stmt"/>
        <line num="24" count="3" type="stmt"/>
        <line num="25" count="0" type="cond" truecount="0" falsecount="2"/>
        <line num="26" count="0" type="stmt"/>
        <line num="29" count="3" type="stmt"/>
      </file>
      <file name="Home.vue" path="C:\Personal project\accredify\Dev-Interview\front-end\boilerplate\src\views\Home.vue">
        <metrics statements="21" coveredstatements="0" conditionals="8" coveredconditionals="0" methods="7" coveredmethods="0"/>
        <line num="14" count="0" type="stmt"/>
        <line num="15" count="0" type="stmt"/>
        <line num="16" count="0" type="stmt"/>
        <line num="17" count="0" type="stmt"/>
        <line num="18" count="0" type="stmt"/>
        <line num="19" count="0" type="stmt"/>
        <line num="20" count="0" type="stmt"/>
        <line num="22" count="0" type="stmt"/>
        <line num="28" count="0" type="stmt"/>
        <line num="29" count="0" type="stmt"/>
        <line num="30" count="0" type="stmt"/>
        <line num="31" count="0" type="stmt"/>
        <line num="41" count="0" type="stmt"/>
        <line num="42" count="0" type="stmt"/>
        <line num="48" count="0" type="stmt"/>
        <line num="50" count="0" type="stmt"/>
        <line num="52" count="0" type="stmt"/>
        <line num="53" count="0" type="stmt"/>
        <line num="56" count="0" type="stmt"/>
        <line num="57" count="0" type="stmt"/>
        <line num="60" count="0" type="stmt"/>
      </file>
    </package>
  </project>
</coverage>
