<?xml version="1.0" encoding="UTF-8"?>
<coverage generated="1654418927048" clover="3.2.0">
  <project timestamp="1654418927049" name="All files">
    <metrics statements="110" coveredstatements="87" conditionals="35" coveredconditionals="8" methods="32" coveredmethods="23" elements="177" coveredelements="118" complexity="0" loc="110" ncloc="110" packages="8" files="17" classes="17"/>
    <package name="src">
      <metrics statements="4" coveredstatements="4" conditionals="0" coveredconditionals="0" methods="1" coveredmethods="1"/>
      <file name="App.vue" path="C:\Personal project\accredify\Dev-Interview\front-end\boilerplate\src\App.vue">
        <metrics statements="4" coveredstatements="4" conditionals="0" coveredconditionals="0" methods="1" coveredmethods="1"/>
        <line num="9" count="1" type="stmt"/>
        <line num="10" count="1" type="stmt"/>
        <line num="12" count="1" type="stmt"/>
        <line num="19" count="4" type="stmt"/>
      </file>
    </package>
    <package name="src.__mock__">
      <metrics statements="1" coveredstatements="1" conditionals="0" coveredconditionals="0" methods="0" coveredmethods="0"/>
      <file name="mock.js" path="C:\Personal project\accredify\Dev-Interview\front-end\boilerplate\src\__mock__\mock.js">
        <metrics statements="1" coveredstatements="1" conditionals="0" coveredconditionals="0" methods="0" coveredmethods="0"/>
        <line num="1" count="2" type="stmt"/>
      </file>
    </package>
    <package name="src.api">
      <metrics statements="7" coveredstatements="7" conditionals="0" coveredconditionals="0" methods="2" coveredmethods="2"/>
      <file name="index.js" path="C:\Personal project\accredify\Dev-Interview\front-end\boilerplate\src\api\index.js">
        <metrics statements="7" coveredstatements="7" conditionals="0" coveredconditionals="0" methods="2" coveredmethods="2"/>
        <line num="3" count="1" type="stmt"/>
        <line num="4" count="1" type="stmt"/>
        <line num="8" count="1" type="stmt"/>
        <line num="12" count="2" type="stmt"/>
        <line num="16" count="2" type="stmt"/>
        <line num="19" count="2" type="stmt"/>
        <line num="22" count="2" type="stmt"/>
      </file>
    </package>
    <package name="src.components">
      <metrics statements="29" coveredstatements="28" conditionals="11" coveredconditionals="8" methods="8" coveredmethods="6"/>
      <file name="CatDetail.vue" path="C:\Personal project\accredify\Dev-Interview\front-end\boilerplate\src\components\CatDetail.vue">
        <metrics statements="13" coveredstatements="13" conditionals="11" coveredconditionals="8" methods="4" coveredmethods="3"/>
        <line num="40" count="2" type="stmt"/>
        <line num="41" count="2" type="stmt"/>
        <line num="42" count="2" type="stmt"/>
        <line num="43" count="2" type="stmt"/>
        <line num="45" count="2" type="stmt"/>
        <line num="51" count="8" type="stmt"/>
        <line num="52" count="8" type="stmt"/>
        <line num="53" count="9" type="cond" truecount="3" falsecount="3"/>
        <line num="54" count="8" type="stmt"/>
        <line num="59" count="8" type="stmt"/>
        <line num="60" count="8" type="cond" truecount="5" falsecount="0"/>
        <line num="61" count="2" type="stmt"/>
        <line num="64" count="8" type="stmt"/>
      </file>
      <file name="CatTable.vue" path="C:\Personal project\accredify\Dev-Interview\front-end\boilerplate\src\components\CatTable.vue">
        <metrics statements="6" coveredstatements="5" conditionals="0" coveredconditionals="0" methods="2" coveredmethods="1"/>
        <line num="28" count="2" type="stmt"/>
        <line num="29" count="2" type="stmt"/>
        <line num="31" count="2" type="stmt"/>
        <line num="38" count="8" type="stmt"/>
        <line num="40" count="0" type="stmt"/>
        <line num="42" count="8" type="stmt"/>
      </file>
      <file name="Footer.vue" path="C:\Personal project\accredify\Dev-Interview\front-end\boilerplate\src\components\Footer.vue">
        <metrics statements="5" coveredstatements="5" conditionals="0" coveredconditionals="0" methods="1" coveredmethods="1"/>
        <line num="8" count="2" type="stmt"/>
        <line num="9" count="2" type="stmt"/>
        <line num="11" count="2" type="stmt"/>
        <line num="14" count="6" type="stmt"/>
        <line num="15" count="6" type="stmt"/>
      </file>
      <file name="Header.vue" path="C:\Personal project\accredify\Dev-Interview\front-end\boilerplate\src\components\Header.vue">
        <metrics statements="5" coveredstatements="5" conditionals="0" coveredconditionals="0" methods="1" coveredmethods="1"/>
        <line num="13" count="2" type="stmt"/>
        <line num="14" count="2" type="stmt"/>
        <line num="16" count="2" type="stmt"/>
        <line num="22" count="6" type="stmt"/>
        <line num="23" count="6" type="stmt"/>
      </file>
    </package>
    <package name="src.composables">
      <metrics statements="12" coveredstatements="10" conditionals="0" coveredconditionals="0" methods="3" coveredmethods="3"/>
      <file name="useCatBreed.js" path="C:\Personal project\accredify\Dev-Interview\front-end\boilerplate\src\composables\useCatBreed.js">
        <metrics statements="12" coveredstatements="10" conditionals="0" coveredconditionals="0" methods="3" coveredmethods="3"/>
        <line num="6" count="6" type="stmt"/>
        <line num="7" count="6" type="stmt"/>
        <line num="8" count="6" type="stmt"/>
        <line num="9" count="8" type="stmt"/>
        <line num="10" count="6" type="stmt"/>
        <line num="11" count="6" type="stmt"/>
        <line num="12" count="6" type="stmt"/>
        <line num="13" count="6" type="stmt"/>
        <line num="14" count="6" type="stmt"/>
        <line num="16" count="0" type="stmt"/>
        <line num="17" count="0" type="stmt"/>
        <line num="21" count="6" type="stmt"/>
      </file>
    </package>
    <package name="src.router">
      <metrics statements="4" coveredstatements="0" conditionals="0" coveredconditionals="0" methods="2" coveredmethods="0"/>
      <file name="index.js" path="C:\Personal project\accredify\Dev-Interview\front-end\boilerplate\src\router\index.js">
        <metrics statements="4" coveredstatements="0" conditionals="0" coveredconditionals="0" methods="2" coveredmethods="0"/>
        <line num="4" count="0" type="stmt"/>
        <line num="16" count="0" type="stmt"/>
        <line num="21" count="0" type="stmt"/>
        <line num="25" count="0" type="stmt"/>
      </file>
    </package>
    <package name="src.store">
      <metrics statements="24" coveredstatements="10" conditionals="4" coveredconditionals="0" methods="8" coveredmethods="6"/>
      <file name="action_types.js" path="C:\Personal project\accredify\Dev-Interview\front-end\boilerplate\src\store\action_types.js">
        <metrics statements="4" coveredstatements="4" conditionals="0" coveredconditionals="0" methods="0" coveredmethods="0"/>
        <line num="1" count="3" type="stmt"/>
        <line num="2" count="3" type="stmt"/>
        <line num="3" count="3" type="stmt"/>
        <line num="4" count="3" type="stmt"/>
      </file>
      <file name="actions.js" path="C:\Personal project\accredify\Dev-Interview\front-end\boilerplate\src\store\actions.js">
        <metrics statements="14" coveredstatements="0" conditionals="4" coveredconditionals="0" methods="2" coveredmethods="0"/>
        <line num="7" count="0" type="stmt"/>
        <line num="11" count="0" type="stmt"/>
        <line num="12" count="0" type="stmt"/>
        <line num="13" count="0" type="cond" truecount="0" falsecount="2"/>
        <line num="14" count="0" type="cond" truecount="0" falsecount="2"/>
        <line num="15" count="0" type="stmt"/>
        <line num="16" count="0" type="stmt"/>
        <line num="18" count="0" type="stmt"/>
        <line num="22" count="0" type="stmt"/>
        <line num="23" count="0" type="stmt"/>
        <line num="24" count="0" type="stmt"/>
        <line num="25" count="0" type="stmt"/>
        <line num="26" count="0" type="stmt"/>
        <line num="28" count="0" type="stmt"/>
      </file>
      <file name="getters.js" path="C:\Personal project\accredify\Dev-Interview\front-end\boilerplate\src\store\getters.js">
        <metrics statements="3" coveredstatements="3" conditionals="0" coveredconditionals="0" methods="3" coveredmethods="3"/>
        <line num="3" count="3" type="stmt"/>
        <line num="6" count="8" type="stmt"/>
        <line num="9" count="9" type="stmt"/>
      </file>
      <file name="index.js" path="C:\Personal project\accredify\Dev-Interview\front-end\boilerplate\src\store\index.js">
        <metrics statements="0" coveredstatements="0" conditionals="0" coveredconditionals="0" methods="0" coveredmethods="0"/>
      </file>
      <file name="mutations.js" path="C:\Personal project\accredify\Dev-Interview\front-end\boilerplate\src\store\mutations.js">
        <metrics statements="2" coveredstatements="2" conditionals="0" coveredconditionals="0" methods="2" coveredmethods="2"/>
        <line num="3" count="6" type="stmt"/>
        <line num="6" count="2" type="stmt"/>
      </file>
      <file name="state.js" path="C:\Personal project\accredify\Dev-Interview\front-end\boilerplate\src\store\state.js">
        <metrics statements="1" coveredstatements="1" conditionals="0" coveredconditionals="0" methods="1" coveredmethods="1"/>
        <line num="1" count="3" type="stmt"/>
      </file>
    </package>
    <package name="src.views">
      <metrics statements="29" coveredstatements="27" conditionals="20" coveredconditionals="0" methods="8" coveredmethods="5"/>
      <file name="Detail.vue" path="C:\Personal project\accredify\Dev-Interview\front-end\boilerplate\src\views\Detail.vue">
        <metrics statements="13" coveredstatements="12" conditionals="8" coveredconditionals="0" methods="3" coveredmethods="2"/>
        <line num="10" count="1" type="stmt"/>
        <line num="11" count="1" type="stmt"/>
        <line num="12" count="1" type="stmt"/>
        <line num="13" count="1" type="stmt"/>
        <line num="14" count="1" type="stmt"/>
        <line num="15" count="1" type="stmt"/>
        <line num="17" count="1" type="stmt"/>
        <line num="23" count="3" type="stmt"/>
        <line num="24" count="3" type="stmt"/>
        <line num="25" count="3" type="stmt"/>
        <line num="26" count="4" type="stmt"/>
        <line num="28" count="0" type="cond" truecount="0" falsecount="8"/>
        <line num="31" count="3" type="stmt"/>
      </file>
      <file name="Home.vue" path="C:\Personal project\accredify\Dev-Interview\front-end\boilerplate\src\views\Home.vue">
        <metrics statements="16" coveredstatements="15" conditionals="12" coveredconditionals="0" methods="5" coveredmethods="3"/>
        <line num="17" count="1" type="stmt"/>
        <line num="18" count="1" type="stmt"/>
        <line num="19" count="1" type="stmt"/>
        <line num="20" count="1" type="stmt"/>
        <line num="21" count="1" type="stmt"/>
        <line num="22" count="1" type="stmt"/>
        <line num="23" count="1" type="stmt"/>
        <line num="25" count="1" type="stmt"/>
        <line num="31" count="3" type="stmt"/>
        <line num="32" count="3" type="stmt"/>
        <line num="33" count="3" type="stmt"/>
        <line num="34" count="3" type="stmt"/>
        <line num="35" count="3" type="stmt"/>
        <line num="36" count="4" type="stmt"/>
        <line num="42" count="0" type="stmt"/>
        <line num="44" count="3" type="stmt"/>
      </file>
    </package>
  </project>
</coverage>
