{"C:\\Personal project\\accredify\\Dev-Interview\\front-end\\boilerplate\\src\\App.vue": {"path":"C:\\Personal project\\accredify\\Dev-Interview\\front-end\\boilerplate\\src\\App.vue","statementMap":{"0":{"start":{"line":9,"column":0},"end":{"line":9,"column":null}},"1":{"start":{"line":10,"column":0},"end":{"line":10,"column":null}},"2":{"start":{"line":12,"column":15},"end":{"line":12,"column":null}},"3":{"start":{"line":19,"column":4},"end":{"line":19,"column":11}}},"fnMap":{"0":{"name":"(anonymous_0)","decl":{"start":{"line":18,"column":2},"end":{"line":18,"column":6}},"loc":{"start":{"line":18,"column":9},"end":{"line":31,"column":null}}}},"branchMap":{},"s":{"0":1,"1":1,"2":1,"3":4},"f":{"0":4},"b":{}}
,"C:\\Personal project\\accredify\\Dev-Interview\\front-end\\boilerplate\\src\\__mock__\\mock.js": {"path":"C:\\Personal project\\accredify\\Dev-Interview\\front-end\\boilerplate\\src\\__mock__\\mock.js","statementMap":{"0":{"start":{"line":1,"column":22},"end":{"line":3117,"column":1}}},"fnMap":{},"branchMap":{},"s":{"0":2},"f":{},"b":{},"_coverageSchema":"43e27e138ebf9cfc5966b082cf9a028302ed4184","hash":"f1ece676122105c127f7371757e847c1a613a36c"}
,"C:\\Personal project\\accredify\\Dev-Interview\\front-end\\boilerplate\\src\\api\\index.js": {"path":"C:\\Personal project\\accredify\\Dev-Interview\\front-end\\boilerplate\\src\\api\\index.js","statementMap":{"0":{"start":{"line":3,"column":15},"end":{"line":3,"column":44}},"1":{"start":{"line":4,"column":16},"end":{"line":7,"column":1}},"2":{"start":{"line":8,"column":21},"end":{"line":8,"column":49}},"3":{"start":{"line":12,"column":19},"end":{"line":15,"column":5}},"4":{"start":{"line":16,"column":4},"end":{"line":16,"column":49}},"5":{"start":{"line":19,"column":19},"end":{"line":21,"column":5}},"6":{"start":{"line":22,"column":4},"end":{"line":22,"column":48}}},"fnMap":{"0":{"name":"(anonymous_0)","decl":{"start":{"line":11,"column":2},"end":{"line":11,"column":3}},"loc":{"start":{"line":11,"column":26},"end":{"line":17,"column":3}},"line":11},"1":{"name":"(anonymous_1)","decl":{"start":{"line":18,"column":2},"end":{"line":18,"column":3}},"loc":{"start":{"line":18,"column":31},"end":{"line":23,"column":3}},"line":18}},"branchMap":{},"s":{"0":1,"1":1,"2":1,"3":2,"4":2,"5":2,"6":2},"f":{"0":2,"1":2},"b":{},"_coverageSchema":"43e27e138ebf9cfc5966b082cf9a028302ed4184","hash":"79ae079494822e183636b4b85220a3dc25198aa2"}
,"C:\\Personal project\\accredify\\Dev-Interview\\front-end\\boilerplate\\src\\components\\CatDetail.vue": {"path":"C:\\Personal project\\accredify\\Dev-Interview\\front-end\\boilerplate\\src\\components\\CatDetail.vue","statementMap":{"0":{"start":{"line":40,"column":0},"end":{"line":40,"column":null}},"1":{"start":{"line":41,"column":0},"end":{"line":41,"column":null}},"2":{"start":{"line":42,"column":0},"end":{"line":42,"column":null}},"3":{"start":{"line":43,"column":0},"end":{"line":43,"column":null}},"4":{"start":{"line":45,"column":15},"end":{"line":45,"column":31}},"5":{"start":{"line":51,"column":18},"end":{"line":51,"column":null}},"6":{"start":{"line":52,"column":18},"end":{"line":52,"column":null}},"7":{"start":{"line":53,"column":19},"end":{"line":53,"column":28}},"8":{"start":{"line":53,"column":28},"end":{"line":53,"column":34}},"9":{"start":{"line":54,"column":20},"end":{"line":54,"column":29}},"10":{"start":{"line":54,"column":35},"end":{"line":54,"column":null}},"11":{"start":{"line":59,"column":4},"end":{"line":59,"column":14}},"12":{"start":{"line":60,"column":6},"end":{"line":62,"column":null}},"13":{"start":{"line":61,"column":8},"end":{"line":61,"column":14}},"14":{"start":{"line":64,"column":4},"end":{"line":64,"column":11}}},"fnMap":{"0":{"name":"(anonymous_0)","decl":{"start":{"line":50,"column":2},"end":{"line":50,"column":7}},"loc":{"start":{"line":50,"column":15},"end":{"line":65,"column":null}}},"1":{"name":"(anonymous_1)","decl":{"start":{"line":53,"column":28},"end":{"line":53,"column":34}},"loc":{"start":{"line":53,"column":28},"end":{"line":53,"column":34}}},"2":{"name":"(anonymous_2)","decl":{"start":{"line":54,"column":29},"end":{"line":54,"column":35}},"loc":{"start":{"line":54,"column":35},"end":{"line":54,"column":null}}},"3":{"name":"(anonymous_3)","decl":{"start":{"line":59,"column":14},"end":{"line":59,"column":26}},"loc":{"start":{"line":59,"column":26},"end":{"line":63,"column":null}}}},"branchMap":{"0":{"loc":{"start":{"line":53,"column":28},"end":{"line":53,"column":34}},"type":"cond-expr","locations":[{"start":{"line":53,"column":28},"end":{"line":53,"column":34}},{"start":{"line":53,"column":28},"end":{"line":53,"column":null}}]},"1":{"loc":{"start":{"line":53,"column":28},"end":{"line":53,"column":34}},"type":"binary-expr","locations":[{"start":{"line":53,"column":28},"end":{"line":53,"column":34}},{"start":{"line":53,"column":28},"end":{"line":53,"column":34}}]},"2":{"loc":{"start":{"line":53,"column":28},"end":{"line":53,"column":34}},"type":"cond-expr","locations":[{"start":{"line":53,"column":28},"end":{"line":53,"column":34}},{"start":{"line":53,"column":34},"end":{"line":53,"column":null}}]},"3":{"loc":{"start":{"line":60,"column":6},"end":{"line":62,"column":null}},"type":"if","locations":[{"start":{"line":60,"column":6},"end":{"line":62,"column":null}},{"start":{"line":60,"column":6},"end":{"line":62,"column":null}}]},"4":{"loc":{"start":{"line":60,"column":6},"end":{"line":60,"column":10}},"type":"binary-expr","locations":[{"start":{"line":60,"column":6},"end":{"line":60,"column":10}},{"start":{"line":60,"column":6},"end":{"line":60,"column":10}},{"start":{"line":60,"column":10},"end":{"line":60,"column":29}}]}},"s":{"0":2,"1":2,"2":2,"3":2,"4":2,"5":8,"6":8,"7":8,"8":9,"9":8,"10":0,"11":8,"12":8,"13":2,"14":8},"f":{"0":8,"1":9,"2":0,"3":8},"b":{"0":[9,0],"1":[9,2],"2":[0,0],"3":[2,6],"4":[8,8,2]}}
,"C:\\Personal project\\accredify\\Dev-Interview\\front-end\\boilerplate\\src\\components\\CatTable.vue": {"path":"C:\\Personal project\\accredify\\Dev-Interview\\front-end\\boilerplate\\src\\components\\CatTable.vue","statementMap":{"0":{"start":{"line":28,"column":0},"end":{"line":28,"column":null}},"1":{"start":{"line":29,"column":0},"end":{"line":29,"column":null}},"2":{"start":{"line":31,"column":15},"end":{"line":31,"column":31}},"3":{"start":{"line":38,"column":18},"end":{"line":38,"column":null}},"4":{"start":{"line":40,"column":6},"end":{"line":40,"column":10}},"5":{"start":{"line":42,"column":4},"end":{"line":42,"column":11}}},"fnMap":{"0":{"name":"(anonymous_0)","decl":{"start":{"line":37,"column":2},"end":{"line":37,"column":7}},"loc":{"start":{"line":37,"column":25},"end":{"line":43,"column":null}}},"1":{"name":"gotoDetail","decl":{"start":{"line":39,"column":13},"end":{"line":39,"column":24}},"loc":{"start":{"line":39,"column":30},"end":{"line":41,"column":null}}}},"branchMap":{},"s":{"0":2,"1":2,"2":2,"3":8,"4":0,"5":8},"f":{"0":8,"1":0},"b":{}}
,"C:\\Personal project\\accredify\\Dev-Interview\\front-end\\boilerplate\\src\\components\\Footer.vue": {"path":"C:\\Personal project\\accredify\\Dev-Interview\\front-end\\boilerplate\\src\\components\\Footer.vue","statementMap":{"0":{"start":{"line":8,"column":0},"end":{"line":8,"column":null}},"1":{"start":{"line":9,"column":0},"end":{"line":9,"column":null}},"2":{"start":{"line":11,"column":15},"end":{"line":11,"column":31}},"3":{"start":{"line":14,"column":18},"end":{"line":14,"column":null}},"4":{"start":{"line":15,"column":4},"end":{"line":15,"column":11}}},"fnMap":{"0":{"name":"(anonymous_0)","decl":{"start":{"line":13,"column":2},"end":{"line":13,"column":7}},"loc":{"start":{"line":13,"column":10},"end":{"line":16,"column":null}}}},"branchMap":{},"s":{"0":2,"1":2,"2":2,"3":6,"4":6},"f":{"0":6},"b":{}}
,"C:\\Personal project\\accredify\\Dev-Interview\\front-end\\boilerplate\\src\\components\\Header.vue": {"path":"C:\\Personal project\\accredify\\Dev-Interview\\front-end\\boilerplate\\src\\components\\Header.vue","statementMap":{"0":{"start":{"line":13,"column":0},"end":{"line":13,"column":null}},"1":{"start":{"line":14,"column":0},"end":{"line":14,"column":null}},"2":{"start":{"line":16,"column":15},"end":{"line":16,"column":31}},"3":{"start":{"line":22,"column":18},"end":{"line":22,"column":null}},"4":{"start":{"line":23,"column":4},"end":{"line":23,"column":11}}},"fnMap":{"0":{"name":"(anonymous_0)","decl":{"start":{"line":21,"column":2},"end":{"line":21,"column":7}},"loc":{"start":{"line":21,"column":10},"end":{"line":24,"column":null}}}},"branchMap":{},"s":{"0":2,"1":2,"2":2,"3":6,"4":6},"f":{"0":6},"b":{}}
,"C:\\Personal project\\accredify\\Dev-Interview\\front-end\\boilerplate\\src\\composables\\useCatBreed.js": {"path":"C:\\Personal project\\accredify\\Dev-Interview\\front-end\\boilerplate\\src\\composables\\useCatBreed.js","statementMap":{"0":{"start":{"line":6,"column":16},"end":{"line":6,"column":26}},"1":{"start":{"line":7,"column":16},"end":{"line":7,"column":25}},"2":{"start":{"line":8,"column":18},"end":{"line":8,"column":28}},"3":{"start":{"line":9,"column":15},"end":{"line":9,"column":56}},"4":{"start":{"line":9,"column":30},"end":{"line":9,"column":55}},"5":{"start":{"line":10,"column":2},"end":{"line":19,"column":5}},"6":{"start":{"line":11,"column":4},"end":{"line":18,"column":5}},"7":{"start":{"line":12,"column":6},"end":{"line":12,"column":27}},"8":{"start":{"line":13,"column":6},"end":{"line":13,"column":43}},"9":{"start":{"line":14,"column":6},"end":{"line":14,"column":28}},"10":{"start":{"line":16,"column":6},"end":{"line":16,"column":28}},"11":{"start":{"line":17,"column":6},"end":{"line":17,"column":48}},"12":{"start":{"line":21,"column":2},"end":{"line":21,"column":34}}},"fnMap":{"0":{"name":"useCatBreed","decl":{"start":{"line":5,"column":24},"end":{"line":5,"column":35}},"loc":{"start":{"line":5,"column":38},"end":{"line":22,"column":1}},"line":5},"1":{"name":"(anonymous_1)","decl":{"start":{"line":9,"column":24},"end":{"line":9,"column":25}},"loc":{"start":{"line":9,"column":30},"end":{"line":9,"column":55}},"line":9},"2":{"name":"(anonymous_2)","decl":{"start":{"line":10,"column":12},"end":{"line":10,"column":13}},"loc":{"start":{"line":10,"column":24},"end":{"line":19,"column":3}},"line":10}},"branchMap":{},"s":{"0":6,"1":6,"2":6,"3":6,"4":8,"5":6,"6":6,"7":6,"8":6,"9":6,"10":0,"11":0,"12":6},"f":{"0":6,"1":8,"2":6},"b":{},"_coverageSchema":"43e27e138ebf9cfc5966b082cf9a028302ed4184","hash":"91af8214cc18c08361ea964cacc9c70403bc4937"}
,"C:\\Personal project\\accredify\\Dev-Interview\\front-end\\boilerplate\\src\\router\\index.js": {"path":"C:\\Personal project\\accredify\\Dev-Interview\\front-end\\boilerplate\\src\\router\\index.js","statementMap":{"0":{"start":{"line":4,"column":15},"end":{"line":23,"column":1}},"1":{"start":{"line":16,"column":21},"end":{"line":16,"column":81}},"2":{"start":{"line":21,"column":21},"end":{"line":21,"column":50}},"3":{"start":{"line":25,"column":15},"end":{"line":28,"column":2}}},"fnMap":{"0":{"name":"(anonymous_0)","decl":{"start":{"line":16,"column":15},"end":{"line":16,"column":16}},"loc":{"start":{"line":16,"column":21},"end":{"line":16,"column":81}},"line":16},"1":{"name":"(anonymous_1)","decl":{"start":{"line":21,"column":15},"end":{"line":21,"column":16}},"loc":{"start":{"line":21,"column":21},"end":{"line":21,"column":50}},"line":21}},"branchMap":{},"s":{"0":0,"1":0,"2":0,"3":0},"f":{"0":0,"1":0},"b":{},"hash":"ef44be785ddd5ce8b746cdf696d8d3d29ee8705e"}
,"C:\\Personal project\\accredify\\Dev-Interview\\front-end\\boilerplate\\src\\store\\action_types.js": {"path":"C:\\Personal project\\accredify\\Dev-Interview\\front-end\\boilerplate\\src\\store\\action_types.js","statementMap":{"0":{"start":{"line":1,"column":30},"end":{"line":1,"column":46}},"1":{"start":{"line":2,"column":35},"end":{"line":2,"column":56}},"2":{"start":{"line":3,"column":30},"end":{"line":3,"column":46}},"3":{"start":{"line":4,"column":30},"end":{"line":4,"column":46}}},"fnMap":{},"branchMap":{},"s":{"0":3,"1":3,"2":3,"3":3},"f":{},"b":{},"_coverageSchema":"43e27e138ebf9cfc5966b082cf9a028302ed4184","hash":"c7ad4925ca4f20d1a54fe5d1d35d3c6decae4fc6"}
,"C:\\Personal project\\accredify\\Dev-Interview\\front-end\\boilerplate\\src\\store\\actions.js": {"path":"C:\\Personal project\\accredify\\Dev-Interview\\front-end\\boilerplate\\src\\store\\actions.js","statementMap":{"0":{"start":{"line":7,"column":18},"end":{"line":7,"column":46}},"1":{"start":{"line":11,"column":4},"end":{"line":19,"column":5}},"2":{"start":{"line":12,"column":23},"end":{"line":12,"column":53}},"3":{"start":{"line":13,"column":23},"end":{"line":13,"column":83}},"4":{"start":{"line":14,"column":21},"end":{"line":14,"column":57}},"5":{"start":{"line":15,"column":6},"end":{"line":15,"column":39}},"6":{"start":{"line":16,"column":6},"end":{"line":16,"column":20}},"7":{"start":{"line":18,"column":6},"end":{"line":18,"column":29}},"8":{"start":{"line":22,"column":4},"end":{"line":29,"column":5}},"9":{"start":{"line":23,"column":24},"end":{"line":23,"column":53}},"10":{"start":{"line":24,"column":23},"end":{"line":24,"column":58}},"11":{"start":{"line":25,"column":6},"end":{"line":25,"column":49}},"12":{"start":{"line":26,"column":6},"end":{"line":26,"column":28}},"13":{"start":{"line":28,"column":6},"end":{"line":28,"column":29}}},"fnMap":{"0":{"name":"(anonymous_0)","decl":{"start":{"line":10,"column":2},"end":{"line":10,"column":3}},"loc":{"start":{"line":10,"column":54},"end":{"line":20,"column":3}},"line":10},"1":{"name":"(anonymous_1)","decl":{"start":{"line":21,"column":2},"end":{"line":21,"column":3}},"loc":{"start":{"line":21,"column":50},"end":{"line":30,"column":3}},"line":21}},"branchMap":{"0":{"loc":{"start":{"line":13,"column":23},"end":{"line":13,"column":83}},"type":"cond-expr","locations":[{"start":{"line":13,"column":34},"end":{"line":13,"column":53}},{"start":{"line":13,"column":56},"end":{"line":13,"column":83}}],"line":13},"1":{"loc":{"start":{"line":14,"column":21},"end":{"line":14,"column":57}},"type":"cond-expr","locations":[{"start":{"line":14,"column":32},"end":{"line":14,"column":40}},{"start":{"line":14,"column":43},"end":{"line":14,"column":57}}],"line":14}},"s":{"0":0,"1":0,"2":0,"3":0,"4":0,"5":0,"6":0,"7":0,"8":0,"9":0,"10":0,"11":0,"12":0,"13":0},"f":{"0":0,"1":0},"b":{"0":[0,0],"1":[0,0]},"hash":"2481222bf536f2e685c18d8fc555ec50b5caf1b6"}
,"C:\\Personal project\\accredify\\Dev-Interview\\front-end\\boilerplate\\src\\store\\getters.js": {"path":"C:\\Personal project\\accredify\\Dev-Interview\\front-end\\boilerplate\\src\\store\\getters.js","statementMap":{"0":{"start":{"line":3,"column":4},"end":{"line":3,"column":29}},"1":{"start":{"line":6,"column":4},"end":{"line":6,"column":27}},"2":{"start":{"line":9,"column":4},"end":{"line":9,"column":30}}},"fnMap":{"0":{"name":"(anonymous_0)","decl":{"start":{"line":2,"column":2},"end":{"line":2,"column":3}},"loc":{"start":{"line":2,"column":22},"end":{"line":4,"column":3}},"line":2},"1":{"name":"(anonymous_1)","decl":{"start":{"line":5,"column":2},"end":{"line":5,"column":3}},"loc":{"start":{"line":5,"column":21},"end":{"line":7,"column":3}},"line":5},"2":{"name":"(anonymous_2)","decl":{"start":{"line":8,"column":2},"end":{"line":8,"column":3}},"loc":{"start":{"line":8,"column":22},"end":{"line":10,"column":3}},"line":8}},"branchMap":{},"s":{"0":3,"1":8,"2":9},"f":{"0":3,"1":8,"2":9},"b":{},"_coverageSchema":"43e27e138ebf9cfc5966b082cf9a028302ed4184","hash":"a0875fe2d8b70ec148f6d470016313eb42232528"}
,"C:\\Personal project\\accredify\\Dev-Interview\\front-end\\boilerplate\\src\\store\\index.js": {"path":"C:\\Personal project\\accredify\\Dev-Interview\\front-end\\boilerplate\\src\\store\\index.js","statementMap":{},"fnMap":{},"branchMap":{},"s":{},"f":{},"b":{},"hash":"a4f8753937dff77ac796c97aaeb50deef4b387e2"}
,"C:\\Personal project\\accredify\\Dev-Interview\\front-end\\boilerplate\\src\\store\\mutations.js": {"path":"C:\\Personal project\\accredify\\Dev-Interview\\front-end\\boilerplate\\src\\store\\mutations.js","statementMap":{"0":{"start":{"line":3,"column":4},"end":{"line":3,"column":27}},"1":{"start":{"line":6,"column":4},"end":{"line":6,"column":30}}},"fnMap":{"0":{"name":"(anonymous_0)","decl":{"start":{"line":2,"column":18},"end":{"line":2,"column":19}},"loc":{"start":{"line":2,"column":35},"end":{"line":4,"column":3}},"line":2},"1":{"name":"(anonymous_1)","decl":{"start":{"line":5,"column":20},"end":{"line":5,"column":21}},"loc":{"start":{"line":5,"column":37},"end":{"line":7,"column":3}},"line":5}},"branchMap":{},"s":{"0":6,"1":2},"f":{"0":6,"1":2},"b":{},"_coverageSchema":"43e27e138ebf9cfc5966b082cf9a028302ed4184","hash":"c2ea1462f4275f83403257c3fa4d5a29d4f5f251"}
,"C:\\Personal project\\accredify\\Dev-Interview\\front-end\\boilerplate\\src\\store\\state.js": {"path":"C:\\Personal project\\accredify\\Dev-Interview\\front-end\\boilerplate\\src\\store\\state.js","statementMap":{"0":{"start":{"line":1,"column":22},"end":{"line":5,"column":1}}},"fnMap":{"0":{"name":"(anonymous_0)","decl":{"start":{"line":1,"column":15},"end":{"line":1,"column":16}},"loc":{"start":{"line":1,"column":22},"end":{"line":5,"column":1}},"line":1}},"branchMap":{},"s":{"0":3},"f":{"0":3},"b":{},"_coverageSchema":"43e27e138ebf9cfc5966b082cf9a028302ed4184","hash":"5a32953da5814054d21f968f805ac843e4014583"}
,"C:\\Personal project\\accredify\\Dev-Interview\\front-end\\boilerplate\\src\\views\\Detail.vue": {"path":"C:\\Personal project\\accredify\\Dev-Interview\\front-end\\boilerplate\\src\\views\\Detail.vue","statementMap":{"0":{"start":{"line":10,"column":0},"end":{"line":10,"column":null}},"1":{"start":{"line":11,"column":0},"end":{"line":11,"column":null}},"2":{"start":{"line":12,"column":0},"end":{"line":12,"column":null}},"3":{"start":{"line":13,"column":0},"end":{"line":13,"column":null}},"4":{"start":{"line":14,"column":0},"end":{"line":14,"column":null}},"5":{"start":{"line":15,"column":0},"end":{"line":15,"column":null}},"6":{"start":{"line":17,"column":15},"end":{"line":17,"column":null}},"7":{"start":{"line":23,"column":18},"end":{"line":23,"column":null}},"8":{"start":{"line":24,"column":18},"end":{"line":24,"column":null}},"9":{"start":{"line":25,"column":37},"end":{"line":25,"column":null}},"10":{"start":{"line":26,"column":22},"end":{"line":26,"column":31}},"11":{"start":{"line":26,"column":37},"end":{"line":26,"column":39}},"12":{"start":{"line":28,"column":6},"end":{"line":28,"column":7}},"13":{"start":{"line":31,"column":4},"end":{"line":31,"column":11}}},"fnMap":{"0":{"name":"(anonymous_0)","decl":{"start":{"line":22,"column":2},"end":{"line":22,"column":7}},"loc":{"start":{"line":22,"column":10},"end":{"line":34,"column":null}}},"1":{"name":"(anonymous_1)","decl":{"start":{"line":26,"column":31},"end":{"line":26,"column":37}},"loc":{"start":{"line":26,"column":37},"end":{"line":26,"column":39}}},"2":{"name":"(anonymous_2)","decl":{"start":{"line":28,"column":7},"end":{"line":28,"column":13}},"loc":{"start":{"line":28,"column":6},"end":{"line":28,"column":7}}}},"branchMap":{"0":{"loc":{"start":{"line":28,"column":13},"end":{"line":28,"column":14}},"type":"cond-expr","locations":[{"start":{"line":28,"column":13},"end":{"line":28,"column":14}},{"start":{"line":28,"column":13},"end":{"line":28,"column":null}}]},"1":{"loc":{"start":{"line":28,"column":24},"end":{"line":28,"column":14}},"type":"binary-expr","locations":[{"start":{"line":28,"column":24},"end":{"line":28,"column":14}},{"start":{"line":28,"column":24},"end":{"line":28,"column":14}}]},"2":{"loc":{"start":{"line":28,"column":13},"end":{"line":28,"column":14}},"type":"cond-expr","locations":[{"start":{"line":28,"column":13},"end":{"line":28,"column":14}},{"start":{"line":28,"column":24},"end":{"line":28,"column":null}}]},"3":{"loc":{"start":{"line":28,"column":13},"end":{"line":28,"column":14}},"type":"binary-expr","locations":[{"start":{"line":28,"column":13},"end":{"line":28,"column":14}},{"start":{"line":28,"column":13},"end":{"line":28,"column":14}}]}},"s":{"0":1,"1":1,"2":1,"3":1,"4":1,"5":1,"6":1,"7":3,"8":3,"9":3,"10":3,"11":4,"12":0,"13":3},"f":{"0":3,"1":4,"2":0},"b":{"0":[0,0],"1":[0,0],"2":[0,0],"3":[0,0]}}
,"C:\\Personal project\\accredify\\Dev-Interview\\front-end\\boilerplate\\src\\views\\Home.vue": {"path":"C:\\Personal project\\accredify\\Dev-Interview\\front-end\\boilerplate\\src\\views\\Home.vue","statementMap":{"0":{"start":{"line":17,"column":0},"end":{"line":17,"column":null}},"1":{"start":{"line":18,"column":0},"end":{"line":18,"column":null}},"2":{"start":{"line":19,"column":0},"end":{"line":19,"column":null}},"3":{"start":{"line":20,"column":0},"end":{"line":20,"column":null}},"4":{"start":{"line":21,"column":0},"end":{"line":21,"column":null}},"5":{"start":{"line":22,"column":0},"end":{"line":22,"column":null}},"6":{"start":{"line":23,"column":0},"end":{"line":23,"column":null}},"7":{"start":{"line":25,"column":15},"end":{"line":25,"column":null}},"8":{"start":{"line":31,"column":18},"end":{"line":31,"column":null}},"9":{"start":{"line":32,"column":18},"end":{"line":32,"column":null}},"10":{"start":{"line":33,"column":19},"end":{"line":33,"column":null}},"11":{"start":{"line":34,"column":37},"end":{"line":34,"column":null}},"12":{"start":{"line":35,"column":24},"end":{"line":35,"column":33}},"13":{"start":{"line":35,"column":39},"end":{"line":35,"column":null}},"14":{"start":{"line":36,"column":22},"end":{"line":36,"column":31}},"15":{"start":{"line":36,"column":37},"end":{"line":36,"column":38}},"16":{"start":{"line":36,"column":55},"end":{"line":36,"column":56}},"17":{"start":{"line":42,"column":6},"end":{"line":42,"column":12}},"18":{"start":{"line":44,"column":4},"end":{"line":44,"column":11}}},"fnMap":{"0":{"name":"(anonymous_0)","decl":{"start":{"line":30,"column":2},"end":{"line":30,"column":7}},"loc":{"start":{"line":30,"column":10},"end":{"line":47,"column":null}}},"1":{"name":"(anonymous_1)","decl":{"start":{"line":35,"column":33},"end":{"line":35,"column":39}},"loc":{"start":{"line":35,"column":39},"end":{"line":35,"column":null}}},"2":{"name":"(anonymous_2)","decl":{"start":{"line":36,"column":31},"end":{"line":36,"column":37}},"loc":{"start":{"line":36,"column":37},"end":{"line":36,"column":38}}},"3":{"name":"(anonymous_3)","decl":{"start":{"line":36,"column":56},"end":{"line":36,"column":63}},"loc":{"start":{"line":36,"column":55},"end":{"line":36,"column":56}}},"4":{"name":"gotoDetail","decl":{"start":{"line":41,"column":19},"end":{"line":41,"column":30}},"loc":{"start":{"line":41,"column":36},"end":{"line":43,"column":null}}}},"branchMap":{"0":{"loc":{"start":{"line":37,"column":11},"end":{"line":37,"column":13}},"type":"cond-expr","locations":[{"start":{"line":37,"column":11},"end":{"line":37,"column":13}},{"start":{"line":37,"column":11},"end":{"line":37,"column":null}}]},"1":{"loc":{"start":{"line":37,"column":13},"end":{"line":37,"column":12}},"type":"binary-expr","locations":[{"start":{"line":37,"column":13},"end":{"line":37,"column":12}},{"start":{"line":37,"column":13},"end":{"line":37,"column":12}}]},"2":{"loc":{"start":{"line":37,"column":11},"end":{"line":37,"column":13}},"type":"cond-expr","locations":[{"start":{"line":37,"column":11},"end":{"line":37,"column":13}},{"start":{"line":37,"column":13},"end":{"line":37,"column":null}}]},"3":{"loc":{"start":{"line":37,"column":11},"end":{"line":37,"column":13}},"type":"binary-expr","locations":[{"start":{"line":37,"column":11},"end":{"line":37,"column":13}},{"start":{"line":37,"column":11},"end":{"line":37,"column":13}}]},"4":{"loc":{"start":{"line":38,"column":10},"end":{"line":38,"column":12}},"type":"cond-expr","locations":[{"start":{"line":38,"column":10},"end":{"line":38,"column":12}},{"start":{"line":38,"column":12},"end":{"line":38,"column":null}}]},"5":{"loc":{"start":{"line":38,"column":12},"end":{"line":38,"column":11}},"type":"binary-expr","locations":[{"start":{"line":38,"column":12},"end":{"line":38,"column":11}},{"start":{"line":38,"column":12},"end":{"line":38,"column":11}}]}},"s":{"0":1,"1":1,"2":1,"3":1,"4":1,"5":1,"6":1,"7":1,"8":3,"9":3,"10":3,"11":3,"12":3,"13":3,"14":3,"15":4,"16":0,"17":0,"18":3},"f":{"0":3,"1":3,"2":4,"3":0,"4":0},"b":{"0":[0,0],"1":[0,0],"2":[0,0],"3":[0,0],"4":[0,0],"5":[0,0]}}
}
