{"C:\\Personal project\\accredify\\Dev-Interview\\front-end\\boilerplate\\src\\App.vue": {"path":"C:\\Personal project\\accredify\\Dev-Interview\\front-end\\boilerplate\\src\\App.vue","statementMap":{"0":{"start":{"line":9,"column":0},"end":{"line":9,"column":null}},"1":{"start":{"line":10,"column":0},"end":{"line":10,"column":null}},"2":{"start":{"line":12,"column":15},"end":{"line":12,"column":null}},"3":{"start":{"line":19,"column":4},"end":{"line":19,"column":11}}},"fnMap":{"0":{"name":"(anonymous_0)","decl":{"start":{"line":18,"column":2},"end":{"line":18,"column":6}},"loc":{"start":{"line":18,"column":9},"end":{"line":31,"column":null}}}},"branchMap":{},"s":{"0":1,"1":1,"2":1,"3":4},"f":{"0":4},"b":{}}
,"C:\\Personal project\\accredify\\Dev-Interview\\front-end\\boilerplate\\src\\__mock__\\mock.js": {"path":"C:\\Personal project\\accredify\\Dev-Interview\\front-end\\boilerplate\\src\\__mock__\\mock.js","statementMap":{"0":{"start":{"line":1,"column":22},"end":{"line":3117,"column":1}}},"fnMap":{},"branchMap":{},"s":{"0":3},"f":{},"b":{},"_coverageSchema":"43e27e138ebf9cfc5966b082cf9a028302ed4184","hash":"f1ece676122105c127f7371757e847c1a613a36c"}
,"C:\\Personal project\\accredify\\Dev-Interview\\front-end\\boilerplate\\src\\api\\index.js": {"path":"C:\\Personal project\\accredify\\Dev-Interview\\front-end\\boilerplate\\src\\api\\index.js","statementMap":{"0":{"start":{"line":3,"column":15},"end":{"line":3,"column":44}},"1":{"start":{"line":4,"column":16},"end":{"line":7,"column":1}},"2":{"start":{"line":8,"column":21},"end":{"line":8,"column":49}},"3":{"start":{"line":12,"column":19},"end":{"line":15,"column":5}},"4":{"start":{"line":16,"column":4},"end":{"line":16,"column":49}},"5":{"start":{"line":19,"column":19},"end":{"line":21,"column":5}},"6":{"start":{"line":22,"column":4},"end":{"line":22,"column":48}}},"fnMap":{"0":{"name":"(anonymous_0)","decl":{"start":{"line":11,"column":2},"end":{"line":11,"column":3}},"loc":{"start":{"line":11,"column":26},"end":{"line":17,"column":3}},"line":11},"1":{"name":"(anonymous_1)","decl":{"start":{"line":18,"column":2},"end":{"line":18,"column":3}},"loc":{"start":{"line":18,"column":31},"end":{"line":23,"column":3}},"line":18}},"branchMap":{},"s":{"0":1,"1":1,"2":1,"3":2,"4":2,"5":2,"6":2},"f":{"0":2,"1":2},"b":{},"_coverageSchema":"43e27e138ebf9cfc5966b082cf9a028302ed4184","hash":"79ae079494822e183636b4b85220a3dc25198aa2"}
,"C:\\Personal project\\accredify\\Dev-Interview\\front-end\\boilerplate\\src\\components\\CatDetail.vue": {"path":"C:\\Personal project\\accredify\\Dev-Interview\\front-end\\boilerplate\\src\\components\\CatDetail.vue","statementMap":{"0":{"start":{"line":40,"column":0},"end":{"line":40,"column":null}},"1":{"start":{"line":41,"column":0},"end":{"line":41,"column":null}},"2":{"start":{"line":42,"column":0},"end":{"line":42,"column":null}},"3":{"start":{"line":44,"column":15},"end":{"line":44,"column":31}},"4":{"start":{"line":48,"column":6},"end":{"line":48,"column":13}},"5":{"start":{"line":51,"column":6},"end":{"line":51,"column":13}},"6":{"start":{"line":62,"column":18},"end":{"line":62,"column":null}},"7":{"start":{"line":63,"column":4},"end":{"line":63,"column":11}},"8":{"start":{"line":66,"column":4},"end":{"line":66,"column":10}}},"fnMap":{"0":{"name":"(anonymous_0)","decl":{"start":{"line":47,"column":4},"end":{"line":47,"column":10}},"loc":{"start":{"line":47,"column":13},"end":{"line":49,"column":null}}},"1":{"name":"(anonymous_1)","decl":{"start":{"line":50,"column":4},"end":{"line":50,"column":11}},"loc":{"start":{"line":50,"column":14},"end":{"line":56,"column":null}}},"2":{"name":"(anonymous_2)","decl":{"start":{"line":61,"column":2},"end":{"line":61,"column":7}},"loc":{"start":{"line":61,"column":10},"end":{"line":64,"column":null}}},"3":{"name":"(anonymous_3)","decl":{"start":{"line":65,"column":2},"end":{"line":65,"column":8}},"loc":{"start":{"line":65,"column":18},"end":{"line":67,"column":null}}}},"branchMap":{"0":{"loc":{"start":{"line":48,"column":6},"end":{"line":48,"column":13}},"type":"cond-expr","locations":[{"start":{"line":48,"column":6},"end":{"line":48,"column":13}},{"start":{"line":48,"column":6},"end":{"line":48,"column":null}}]},"1":{"loc":{"start":{"line":48,"column":6},"end":{"line":48,"column":13}},"type":"binary-expr","locations":[{"start":{"line":48,"column":6},"end":{"line":48,"column":13}},{"start":{"line":48,"column":6},"end":{"line":48,"column":13}}]},"2":{"loc":{"start":{"line":48,"column":6},"end":{"line":48,"column":13}},"type":"cond-expr","locations":[{"start":{"line":48,"column":6},"end":{"line":48,"column":13}},{"start":{"line":48,"column":13},"end":{"line":48,"column":null}}]}},"s":{"0":2,"1":2,"2":2,"3":2,"4":6,"5":0,"6":5,"7":5,"8":5},"f":{"0":6,"1":0,"2":5,"3":5},"b":{"0":[6,0],"1":[6,2],"2":[0,0]}}
,"C:\\Personal project\\accredify\\Dev-Interview\\front-end\\boilerplate\\src\\components\\CatTable.vue": {"path":"C:\\Personal project\\accredify\\Dev-Interview\\front-end\\boilerplate\\src\\components\\CatTable.vue","statementMap":{"0":{"start":{"line":28,"column":0},"end":{"line":28,"column":null}},"1":{"start":{"line":29,"column":0},"end":{"line":29,"column":null}},"2":{"start":{"line":31,"column":15},"end":{"line":31,"column":31}},"3":{"start":{"line":38,"column":18},"end":{"line":38,"column":null}},"4":{"start":{"line":39,"column":4},"end":{"line":39,"column":11}},"5":{"start":{"line":43,"column":6},"end":{"line":43,"column":11}}},"fnMap":{"0":{"name":"(anonymous_0)","decl":{"start":{"line":37,"column":2},"end":{"line":37,"column":7}},"loc":{"start":{"line":37,"column":10},"end":{"line":40,"column":null}}},"1":{"name":"(anonymous_1)","decl":{"start":{"line":42,"column":4},"end":{"line":42,"column":14}},"loc":{"start":{"line":42,"column":21},"end":{"line":44,"column":null}}}},"branchMap":{},"s":{"0":2,"1":2,"2":2,"3":5,"4":5,"5":0},"f":{"0":5,"1":0},"b":{}}
,"C:\\Personal project\\accredify\\Dev-Interview\\front-end\\boilerplate\\src\\components\\Footer.vue": {"path":"C:\\Personal project\\accredify\\Dev-Interview\\front-end\\boilerplate\\src\\components\\Footer.vue","statementMap":{"0":{"start":{"line":8,"column":0},"end":{"line":8,"column":null}},"1":{"start":{"line":9,"column":0},"end":{"line":9,"column":null}},"2":{"start":{"line":11,"column":15},"end":{"line":11,"column":31}},"3":{"start":{"line":14,"column":18},"end":{"line":14,"column":null}},"4":{"start":{"line":15,"column":4},"end":{"line":15,"column":11}}},"fnMap":{"0":{"name":"(anonymous_0)","decl":{"start":{"line":13,"column":2},"end":{"line":13,"column":7}},"loc":{"start":{"line":13,"column":10},"end":{"line":16,"column":null}}}},"branchMap":{},"s":{"0":2,"1":2,"2":2,"3":6,"4":6},"f":{"0":6},"b":{}}
,"C:\\Personal project\\accredify\\Dev-Interview\\front-end\\boilerplate\\src\\components\\Header.vue": {"path":"C:\\Personal project\\accredify\\Dev-Interview\\front-end\\boilerplate\\src\\components\\Header.vue","statementMap":{"0":{"start":{"line":13,"column":0},"end":{"line":13,"column":null}},"1":{"start":{"line":14,"column":0},"end":{"line":14,"column":null}},"2":{"start":{"line":16,"column":15},"end":{"line":16,"column":31}},"3":{"start":{"line":22,"column":18},"end":{"line":22,"column":null}},"4":{"start":{"line":23,"column":4},"end":{"line":23,"column":11}}},"fnMap":{"0":{"name":"(anonymous_0)","decl":{"start":{"line":21,"column":2},"end":{"line":21,"column":7}},"loc":{"start":{"line":21,"column":10},"end":{"line":24,"column":null}}}},"branchMap":{},"s":{"0":2,"1":2,"2":2,"3":6,"4":6},"f":{"0":6},"b":{}}
,"C:\\Personal project\\accredify\\Dev-Interview\\front-end\\boilerplate\\src\\router\\index.js": {"path":"C:\\Personal project\\accredify\\Dev-Interview\\front-end\\boilerplate\\src\\router\\index.js","statementMap":{"0":{"start":{"line":4,"column":15},"end":{"line":23,"column":1}},"1":{"start":{"line":16,"column":21},"end":{"line":16,"column":81}},"2":{"start":{"line":21,"column":21},"end":{"line":21,"column":50}},"3":{"start":{"line":25,"column":15},"end":{"line":28,"column":2}}},"fnMap":{"0":{"name":"(anonymous_0)","decl":{"start":{"line":16,"column":15},"end":{"line":16,"column":16}},"loc":{"start":{"line":16,"column":21},"end":{"line":16,"column":81}},"line":16},"1":{"name":"(anonymous_1)","decl":{"start":{"line":21,"column":15},"end":{"line":21,"column":16}},"loc":{"start":{"line":21,"column":21},"end":{"line":21,"column":50}},"line":21}},"branchMap":{},"s":{"0":0,"1":0,"2":0,"3":0},"f":{"0":0,"1":0},"b":{},"hash":"ef44be785ddd5ce8b746cdf696d8d3d29ee8705e"}
,"C:\\Personal project\\accredify\\Dev-Interview\\front-end\\boilerplate\\src\\store\\action_types.js": {"path":"C:\\Personal project\\accredify\\Dev-Interview\\front-end\\boilerplate\\src\\store\\action_types.js","statementMap":{"0":{"start":{"line":1,"column":30},"end":{"line":1,"column":46}},"1":{"start":{"line":2,"column":35},"end":{"line":2,"column":56}},"2":{"start":{"line":3,"column":30},"end":{"line":3,"column":46}},"3":{"start":{"line":4,"column":30},"end":{"line":4,"column":46}}},"fnMap":{},"branchMap":{},"s":{"0":4,"1":4,"2":4,"3":4},"f":{},"b":{},"_coverageSchema":"43e27e138ebf9cfc5966b082cf9a028302ed4184","hash":"c7ad4925ca4f20d1a54fe5d1d35d3c6decae4fc6"}
,"C:\\Personal project\\accredify\\Dev-Interview\\front-end\\boilerplate\\src\\store\\actions.js": {"path":"C:\\Personal project\\accredify\\Dev-Interview\\front-end\\boilerplate\\src\\store\\actions.js","statementMap":{"0":{"start":{"line":8,"column":18},"end":{"line":8,"column":46}},"1":{"start":{"line":12,"column":4},"end":{"line":18,"column":5}},"2":{"start":{"line":13,"column":23},"end":{"line":13,"column":50}},"3":{"start":{"line":14,"column":6},"end":{"line":14,"column":47}},"4":{"start":{"line":15,"column":6},"end":{"line":15,"column":28}},"5":{"start":{"line":17,"column":6},"end":{"line":17,"column":29}},"6":{"start":{"line":21,"column":4},"end":{"line":28,"column":5}},"7":{"start":{"line":22,"column":24},"end":{"line":22,"column":53}},"8":{"start":{"line":23,"column":23},"end":{"line":23,"column":58}},"9":{"start":{"line":24,"column":6},"end":{"line":24,"column":49}},"10":{"start":{"line":25,"column":6},"end":{"line":25,"column":28}},"11":{"start":{"line":27,"column":6},"end":{"line":27,"column":29}},"12":{"start":{"line":31,"column":4},"end":{"line":36,"column":5}},"13":{"start":{"line":32,"column":6},"end":{"line":32,"column":45}},"14":{"start":{"line":33,"column":6},"end":{"line":33,"column":18}},"15":{"start":{"line":35,"column":6},"end":{"line":35,"column":29}}},"fnMap":{"0":{"name":"(anonymous_0)","decl":{"start":{"line":11,"column":2},"end":{"line":11,"column":3}},"loc":{"start":{"line":11,"column":45},"end":{"line":19,"column":3}},"line":11},"1":{"name":"(anonymous_1)","decl":{"start":{"line":20,"column":2},"end":{"line":20,"column":3}},"loc":{"start":{"line":20,"column":50},"end":{"line":29,"column":3}},"line":20},"2":{"name":"(anonymous_2)","decl":{"start":{"line":30,"column":2},"end":{"line":30,"column":3}},"loc":{"start":{"line":30,"column":45},"end":{"line":37,"column":3}},"line":30}},"branchMap":{},"s":{"0":0,"1":0,"2":0,"3":0,"4":0,"5":0,"6":0,"7":0,"8":0,"9":0,"10":0,"11":0,"12":0,"13":0,"14":0,"15":0},"f":{"0":0,"1":0,"2":0},"b":{},"hash":"86bca8e7587b0aaaf5bc7e936316a14260c2177f"}
,"C:\\Personal project\\accredify\\Dev-Interview\\front-end\\boilerplate\\src\\store\\getters.js": {"path":"C:\\Personal project\\accredify\\Dev-Interview\\front-end\\boilerplate\\src\\store\\getters.js","statementMap":{"0":{"start":{"line":3,"column":4},"end":{"line":3,"column":29}},"1":{"start":{"line":6,"column":4},"end":{"line":6,"column":27}},"2":{"start":{"line":9,"column":4},"end":{"line":9,"column":27}},"3":{"start":{"line":12,"column":4},"end":{"line":12,"column":30}}},"fnMap":{"0":{"name":"(anonymous_0)","decl":{"start":{"line":2,"column":2},"end":{"line":2,"column":3}},"loc":{"start":{"line":2,"column":22},"end":{"line":4,"column":3}},"line":2},"1":{"name":"(anonymous_1)","decl":{"start":{"line":5,"column":2},"end":{"line":5,"column":3}},"loc":{"start":{"line":5,"column":21},"end":{"line":7,"column":3}},"line":5},"2":{"name":"(anonymous_2)","decl":{"start":{"line":8,"column":2},"end":{"line":8,"column":3}},"loc":{"start":{"line":8,"column":22},"end":{"line":10,"column":3}},"line":8},"3":{"name":"(anonymous_3)","decl":{"start":{"line":11,"column":2},"end":{"line":11,"column":3}},"loc":{"start":{"line":11,"column":22},"end":{"line":13,"column":3}},"line":11}},"branchMap":{},"s":{"0":3,"1":4,"2":3,"3":6},"f":{"0":3,"1":4,"2":3,"3":6},"b":{},"_coverageSchema":"43e27e138ebf9cfc5966b082cf9a028302ed4184","hash":"4edb63bfcd694b565ba7e6944bf76cc48c215878"}
,"C:\\Personal project\\accredify\\Dev-Interview\\front-end\\boilerplate\\src\\store\\index.js": {"path":"C:\\Personal project\\accredify\\Dev-Interview\\front-end\\boilerplate\\src\\store\\index.js","statementMap":{},"fnMap":{},"branchMap":{},"s":{},"f":{},"b":{},"hash":"a4f8753937dff77ac796c97aaeb50deef4b387e2"}
,"C:\\Personal project\\accredify\\Dev-Interview\\front-end\\boilerplate\\src\\store\\mutations.js": {"path":"C:\\Personal project\\accredify\\Dev-Interview\\front-end\\boilerplate\\src\\store\\mutations.js","statementMap":{"0":{"start":{"line":3,"column":4},"end":{"line":3,"column":27}},"1":{"start":{"line":6,"column":4},"end":{"line":6,"column":27}},"2":{"start":{"line":9,"column":4},"end":{"line":9,"column":30}}},"fnMap":{"0":{"name":"(anonymous_0)","decl":{"start":{"line":2,"column":18},"end":{"line":2,"column":19}},"loc":{"start":{"line":2,"column":35},"end":{"line":4,"column":3}},"line":2},"1":{"name":"(anonymous_1)","decl":{"start":{"line":5,"column":18},"end":{"line":5,"column":19}},"loc":{"start":{"line":5,"column":35},"end":{"line":7,"column":3}},"line":5},"2":{"name":"(anonymous_2)","decl":{"start":{"line":8,"column":20},"end":{"line":8,"column":21}},"loc":{"start":{"line":8,"column":37},"end":{"line":10,"column":3}},"line":8}},"branchMap":{},"s":{"0":0,"1":3,"2":2},"f":{"0":0,"1":3,"2":2},"b":{},"_coverageSchema":"43e27e138ebf9cfc5966b082cf9a028302ed4184","hash":"f6964bf4dff0bdb05d958d9aec1fac8dec22d1ab"}
,"C:\\Personal project\\accredify\\Dev-Interview\\front-end\\boilerplate\\src\\store\\state.js": {"path":"C:\\Personal project\\accredify\\Dev-Interview\\front-end\\boilerplate\\src\\store\\state.js","statementMap":{"0":{"start":{"line":1,"column":22},"end":{"line":5,"column":1}}},"fnMap":{"0":{"name":"(anonymous_0)","decl":{"start":{"line":1,"column":15},"end":{"line":1,"column":16}},"loc":{"start":{"line":1,"column":22},"end":{"line":5,"column":1}},"line":1}},"branchMap":{},"s":{"0":4},"f":{"0":4},"b":{},"_coverageSchema":"43e27e138ebf9cfc5966b082cf9a028302ed4184","hash":"5a32953da5814054d21f968f805ac843e4014583"}
,"C:\\Personal project\\accredify\\Dev-Interview\\front-end\\boilerplate\\src\\views\\Detail.vue": {"path":"C:\\Personal project\\accredify\\Dev-Interview\\front-end\\boilerplate\\src\\views\\Detail.vue","statementMap":{"0":{"start":{"line":8,"column":0},"end":{"line":8,"column":null}},"1":{"start":{"line":9,"column":0},"end":{"line":9,"column":null}},"2":{"start":{"line":11,"column":15},"end":{"line":11,"column":null}},"3":{"start":{"line":17,"column":18},"end":{"line":17,"column":null}},"4":{"start":{"line":18,"column":4},"end":{"line":18,"column":11}},"5":{"start":{"line":22,"column":6},"end":{"line":22,"column":13}},"6":{"start":{"line":26,"column":4},"end":{"line":28,"column":null}},"7":{"start":{"line":27,"column":6},"end":{"line":27,"column":11}}},"fnMap":{"0":{"name":"(anonymous_0)","decl":{"start":{"line":16,"column":2},"end":{"line":16,"column":7}},"loc":{"start":{"line":16,"column":10},"end":{"line":19,"column":null}}},"1":{"name":"(anonymous_1)","decl":{"start":{"line":21,"column":4},"end":{"line":21,"column":13}},"loc":{"start":{"line":21,"column":16},"end":{"line":23,"column":null}}},"2":{"name":"(anonymous_2)","decl":{"start":{"line":25,"column":2},"end":{"line":25,"column":8}},"loc":{"start":{"line":25,"column":18},"end":{"line":29,"column":null}}}},"branchMap":{"0":{"loc":{"start":{"line":26,"column":4},"end":{"line":28,"column":null}},"type":"if","locations":[{"start":{"line":26,"column":4},"end":{"line":28,"column":null}},{"start":{"line":26,"column":4},"end":{"line":28,"column":null}}]}},"s":{"0":1,"1":1,"2":1,"3":3,"4":3,"5":3,"6":3,"7":3},"f":{"0":3,"1":3,"2":3},"b":{"0":[3,0]}}
,"C:\\Personal project\\accredify\\Dev-Interview\\front-end\\boilerplate\\src\\views\\Home.vue": {"path":"C:\\Personal project\\accredify\\Dev-Interview\\front-end\\boilerplate\\src\\views\\Home.vue","statementMap":{"0":{"start":{"line":14,"column":0},"end":{"line":14,"column":null}},"1":{"start":{"line":15,"column":0},"end":{"line":15,"column":null}},"2":{"start":{"line":16,"column":0},"end":{"line":16,"column":null}},"3":{"start":{"line":17,"column":0},"end":{"line":17,"column":null}},"4":{"start":{"line":19,"column":15},"end":{"line":19,"column":null}},"5":{"start":{"line":25,"column":18},"end":{"line":25,"column":null}},"6":{"start":{"line":26,"column":4},"end":{"line":26,"column":11}},"7":{"start":{"line":29,"column":4},"end":{"line":29,"column":11}},"8":{"start":{"line":44,"column":6},"end":{"line":44,"column":13}},"9":{"start":{"line":47,"column":6},"end":{"line":47,"column":13}},"10":{"start":{"line":47,"column":52},"end":{"line":47,"column":53}},"11":{"start":{"line":55,"column":24},"end":{"line":55,"column":25}},"12":{"start":{"line":57,"column":15},"end":{"line":57,"column":null}},"13":{"start":{"line":59,"column":6},"end":{"line":59,"column":12}},"14":{"start":{"line":60,"column":6},"end":{"line":60,"column":12}},"15":{"start":{"line":64,"column":4},"end":{"line":64,"column":10}}},"fnMap":{"0":{"name":"(anonymous_0)","decl":{"start":{"line":24,"column":2},"end":{"line":24,"column":7}},"loc":{"start":{"line":24,"column":10},"end":{"line":27,"column":null}}},"1":{"name":"(anonymous_1)","decl":{"start":{"line":28,"column":2},"end":{"line":28,"column":6}},"loc":{"start":{"line":28,"column":9},"end":{"line":41,"column":null}}},"2":{"name":"(anonymous_2)","decl":{"start":{"line":43,"column":4},"end":{"line":43,"column":15}},"loc":{"start":{"line":43,"column":18},"end":{"line":45,"column":null}}},"3":{"name":"(anonymous_3)","decl":{"start":{"line":46,"column":4},"end":{"line":46,"column":13}},"loc":{"start":{"line":46,"column":16},"end":{"line":51,"column":null}}},"4":{"name":"(anonymous_4)","decl":{"start":{"line":47,"column":53},"end":{"line":47,"column":60}},"loc":{"start":{"line":47,"column":52},"end":{"line":47,"column":53}}},"5":{"name":"(anonymous_5)","decl":{"start":{"line":54,"column":4},"end":{"line":54,"column":10}},"loc":{"start":{"line":54,"column":27},"end":{"line":61,"column":null}}},"6":{"name":"(anonymous_6)","decl":{"start":{"line":57,"column":9},"end":{"line":57,"column":15}},"loc":{"start":{"line":57,"column":15},"end":{"line":57,"column":null}}},"7":{"name":"(anonymous_7)","decl":{"start":{"line":63,"column":2},"end":{"line":63,"column":8}},"loc":{"start":{"line":63,"column":18},"end":{"line":65,"column":null}}}},"branchMap":{"0":{"loc":{"start":{"line":48,"column":13},"end":{"line":48,"column":15}},"type":"cond-expr","locations":[{"start":{"line":48,"column":13},"end":{"line":48,"column":15}},{"start":{"line":48,"column":13},"end":{"line":48,"column":null}}]},"1":{"loc":{"start":{"line":48,"column":15},"end":{"line":48,"column":14}},"type":"binary-expr","locations":[{"start":{"line":48,"column":15},"end":{"line":48,"column":14}},{"start":{"line":48,"column":15},"end":{"line":48,"column":14}}]},"2":{"loc":{"start":{"line":48,"column":13},"end":{"line":48,"column":15}},"type":"cond-expr","locations":[{"start":{"line":48,"column":13},"end":{"line":48,"column":15}},{"start":{"line":48,"column":15},"end":{"line":48,"column":null}}]},"3":{"loc":{"start":{"line":48,"column":13},"end":{"line":48,"column":15}},"type":"binary-expr","locations":[{"start":{"line":48,"column":13},"end":{"line":48,"column":15}},{"start":{"line":48,"column":13},"end":{"line":48,"column":15}}]}},"s":{"0":1,"1":1,"2":1,"3":1,"4":1,"5":3,"6":3,"7":3,"8":3,"9":4,"10":0,"11":0,"12":0,"13":0,"14":0,"15":3},"f":{"0":3,"1":3,"2":3,"3":4,"4":0,"5":0,"6":0,"7":3},"b":{"0":[0,0],"1":[0,0],"2":[0,0],"3":[0,0]}}
}
