TN:
SF:C:\Personal project\accredify\Dev-Interview\front-end\boilerplate\src\App.vue
FN:18,(anonymous_0)
FNF:1
FNH:1
FNDA:4,(anonymous_0)
DA:9,1
DA:10,1
DA:12,1
DA:19,4
LF:4
LH:4
BRF:0
BRH:0
end_of_record
TN:
SF:C:\Personal project\accredify\Dev-Interview\front-end\boilerplate\src\__mock__\mock.js
FNF:0
FNH:0
DA:1,3
LF:1
LH:1
BRF:0
BRH:0
end_of_record
TN:
SF:C:\Personal project\accredify\Dev-Interview\front-end\boilerplate\src\api\index.js
FN:11,(anonymous_0)
FN:18,(anonymous_1)
FNF:2
FNH:2
FNDA:2,(anonymous_0)
FNDA:2,(anonymous_1)
DA:3,1
DA:4,1
DA:8,1
DA:12,2
DA:16,2
DA:19,2
DA:22,2
LF:7
LH:7
BRF:0
BRH:0
end_of_record
TN:
SF:C:\Personal project\accredify\Dev-Interview\front-end\boilerplate\src\components\CatDetail.vue
FN:47,(anonymous_0)
FN:50,(anonymous_1)
FN:61,(anonymous_2)
FN:65,(anonymous_3)
FNF:4
FNH:3
FNDA:6,(anonymous_0)
FNDA:0,(anonymous_1)
FNDA:5,(anonymous_2)
FNDA:5,(anonymous_3)
DA:40,2
DA:41,2
DA:42,2
DA:44,2
DA:48,6
DA:51,0
DA:62,5
DA:63,5
DA:66,5
LF:9
LH:8
BRDA:48,0,0,6
BRDA:48,0,1,0
BRDA:48,1,0,6
BRDA:48,1,1,2
BRDA:48,2,0,0
BRDA:48,2,1,0
BRF:6
BRH:3
end_of_record
TN:
SF:C:\Personal project\accredify\Dev-Interview\front-end\boilerplate\src\components\CatTable.vue
FN:36,(anonymous_0)
FN:41,(anonymous_1)
FNF:2
FNH:1
FNDA:5,(anonymous_0)
FNDA:0,(anonymous_1)
DA:27,2
DA:28,2
DA:30,2
DA:37,5
DA:38,5
DA:42,0
LF:6
LH:5
BRF:0
BRH:0
end_of_record
TN:
SF:C:\Personal project\accredify\Dev-Interview\front-end\boilerplate\src\components\Footer.vue
FN:13,(anonymous_0)
FNF:1
FNH:1
FNDA:6,(anonymous_0)
DA:8,2
DA:9,2
DA:11,2
DA:14,6
DA:15,6
LF:5
LH:5
BRF:0
BRH:0
end_of_record
TN:
SF:C:\Personal project\accredify\Dev-Interview\front-end\boilerplate\src\components\Header.vue
FN:21,(anonymous_0)
FNF:1
FNH:1
FNDA:6,(anonymous_0)
DA:13,2
DA:14,2
DA:16,2
DA:22,6
DA:23,6
LF:5
LH:5
BRF:0
BRH:0
end_of_record
TN:
SF:C:\Personal project\accredify\Dev-Interview\front-end\boilerplate\src\router\index.js
FN:16,(anonymous_0)
FN:21,(anonymous_1)
FNF:2
FNH:0
FNDA:0,(anonymous_0)
FNDA:0,(anonymous_1)
DA:4,0
DA:16,0
DA:21,0
DA:25,0
LF:4
LH:0
BRF:0
BRH:0
end_of_record
TN:
SF:C:\Personal project\accredify\Dev-Interview\front-end\boilerplate\src\store\action_types.js
FNF:0
FNH:0
DA:1,4
DA:2,4
DA:3,4
DA:4,4
LF:4
LH:4
BRF:0
BRH:0
end_of_record
TN:
SF:C:\Personal project\accredify\Dev-Interview\front-end\boilerplate\src\store\actions.js
FN:11,(anonymous_0)
FN:20,(anonymous_1)
FN:30,(anonymous_2)
FNF:3
FNH:0
FNDA:0,(anonymous_0)
FNDA:0,(anonymous_1)
FNDA:0,(anonymous_2)
DA:8,0
DA:12,0
DA:13,0
DA:14,0
DA:15,0
DA:17,0
DA:21,0
DA:22,0
DA:23,0
DA:24,0
DA:25,0
DA:27,0
DA:31,0
DA:32,0
DA:33,0
DA:35,0
LF:16
LH:0
BRF:0
BRH:0
end_of_record
TN:
SF:C:\Personal project\accredify\Dev-Interview\front-end\boilerplate\src\store\getters.js
FN:2,(anonymous_0)
FN:5,(anonymous_1)
FN:8,(anonymous_2)
FN:11,(anonymous_3)
FNF:4
FNH:4
FNDA:3,(anonymous_0)
FNDA:4,(anonymous_1)
FNDA:3,(anonymous_2)
FNDA:6,(anonymous_3)
DA:3,3
DA:6,4
DA:9,3
DA:12,6
LF:4
LH:4
BRF:0
BRH:0
end_of_record
TN:
SF:C:\Personal project\accredify\Dev-Interview\front-end\boilerplate\src\store\index.js
FNF:0
FNH:0
LF:0
LH:0
BRF:0
BRH:0
end_of_record
TN:
SF:C:\Personal project\accredify\Dev-Interview\front-end\boilerplate\src\store\mutations.js
FN:2,(anonymous_0)
FN:5,(anonymous_1)
FN:8,(anonymous_2)
FNF:3
FNH:2
FNDA:0,(anonymous_0)
FNDA:3,(anonymous_1)
FNDA:2,(anonymous_2)
DA:3,0
DA:6,3
DA:9,2
LF:3
LH:2
BRF:0
BRH:0
end_of_record
TN:
SF:C:\Personal project\accredify\Dev-Interview\front-end\boilerplate\src\store\state.js
FN:1,(anonymous_0)
FNF:1
FNH:1
FNDA:4,(anonymous_0)
DA:1,4
LF:1
LH:1
BRF:0
BRH:0
end_of_record
TN:
SF:C:\Personal project\accredify\Dev-Interview\front-end\boilerplate\src\views\Detail.vue
FN:16,(anonymous_0)
FN:21,(anonymous_1)
FN:25,(anonymous_2)
FNF:3
FNH:3
FNDA:3,(anonymous_0)
FNDA:3,(anonymous_1)
FNDA:3,(anonymous_2)
DA:8,1
DA:9,1
DA:11,1
DA:17,3
DA:18,3
DA:22,3
DA:26,3
DA:27,3
LF:8
LH:8
BRDA:26,0,0,3
BRDA:26,0,1,0
BRF:2
BRH:1
end_of_record
TN:
SF:C:\Personal project\accredify\Dev-Interview\front-end\boilerplate\src\views\Home.vue
FN:24,(anonymous_0)
FN:28,(anonymous_1)
FN:43,(anonymous_2)
FN:46,(anonymous_3)
FN:47,(anonymous_4)
FN:54,(anonymous_5)
FN:57,(anonymous_6)
FN:63,(anonymous_7)
FNF:8
FNH:5
FNDA:3,(anonymous_0)
FNDA:3,(anonymous_1)
FNDA:3,(anonymous_2)
FNDA:4,(anonymous_3)
FNDA:0,(anonymous_4)
FNDA:0,(anonymous_5)
FNDA:0,(anonymous_6)
FNDA:3,(anonymous_7)
DA:14,1
DA:15,1
DA:16,1
DA:17,1
DA:19,1
DA:25,3
DA:26,3
DA:29,3
DA:44,3
DA:47,4
DA:55,0
DA:57,0
DA:59,0
DA:60,0
DA:64,3
LF:15
LH:11
BRDA:48,0,0,0
BRDA:48,0,1,0
BRDA:48,1,0,0
BRDA:48,1,1,0
BRDA:48,2,0,0
BRDA:48,2,1,0
BRDA:48,3,0,0
BRDA:48,3,1,0
BRF:8
BRH:0
end_of_record
