TN:
SF:C:\Personal project\accredify\Dev-Interview\front-end\boilerplate\src\App.vue
FN:18,(anonymous_0)
FNF:1
FNH:1
FNDA:4,(anonymous_0)
DA:9,1
DA:10,1
DA:12,1
DA:19,4
LF:4
LH:4
BRF:0
BRH:0
end_of_record
TN:
SF:C:\Personal project\accredify\Dev-Interview\front-end\boilerplate\src\__mock__\mock.js
FNF:0
FNH:0
DA:1,2
LF:1
LH:1
BRF:0
BRH:0
end_of_record
TN:
SF:C:\Personal project\accredify\Dev-Interview\front-end\boilerplate\src\api\index.js
FN:11,(anonymous_0)
FN:18,(anonymous_1)
FNF:2
FNH:2
FNDA:2,(anonymous_0)
FNDA:2,(anonymous_1)
DA:3,1
DA:4,1
DA:8,1
DA:12,2
DA:16,2
DA:19,2
DA:22,2
LF:7
LH:7
BRF:0
BRH:0
end_of_record
TN:
SF:C:\Personal project\accredify\Dev-Interview\front-end\boilerplate\src\components\CatDetail.vue
FN:50,(anonymous_0)
FN:53,(anonymous_1)
FN:54,(anonymous_2)
FN:59,(anonymous_3)
FNF:4
FNH:3
FNDA:6,(anonymous_0)
FNDA:7,(anonymous_1)
FNDA:0,(anonymous_2)
FNDA:6,(anonymous_3)
DA:40,2
DA:41,2
DA:42,2
DA:43,2
DA:45,2
DA:51,6
DA:52,6
DA:53,7
DA:54,6
DA:59,6
DA:60,6
DA:61,2
DA:64,6
LF:13
LH:13
BRDA:53,0,0,7
BRDA:53,0,1,0
BRDA:53,1,0,7
BRDA:53,1,1,2
BRDA:53,2,0,0
BRDA:53,2,1,0
BRDA:60,3,0,2
BRDA:60,3,1,4
BRDA:60,4,0,6
BRDA:60,4,1,6
BRDA:60,4,2,2
BRF:11
BRH:8
end_of_record
TN:
SF:C:\Personal project\accredify\Dev-Interview\front-end\boilerplate\src\components\CatTable.vue
FN:37,(anonymous_0)
FN:39,gotoDetail
FNF:2
FNH:1
FNDA:6,(anonymous_0)
FNDA:0,gotoDetail
DA:28,2
DA:29,2
DA:31,2
DA:38,6
DA:40,0
DA:42,6
LF:6
LH:5
BRF:0
BRH:0
end_of_record
TN:
SF:C:\Personal project\accredify\Dev-Interview\front-end\boilerplate\src\components\Footer.vue
FN:13,(anonymous_0)
FNF:1
FNH:1
FNDA:6,(anonymous_0)
DA:8,2
DA:9,2
DA:11,2
DA:14,6
DA:15,6
LF:5
LH:5
BRF:0
BRH:0
end_of_record
TN:
SF:C:\Personal project\accredify\Dev-Interview\front-end\boilerplate\src\components\Header.vue
FN:21,(anonymous_0)
FNF:1
FNH:1
FNDA:6,(anonymous_0)
DA:13,2
DA:14,2
DA:16,2
DA:22,6
DA:23,6
LF:5
LH:5
BRF:0
BRH:0
end_of_record
TN:
SF:C:\Personal project\accredify\Dev-Interview\front-end\boilerplate\src\composables\useCatBreed.js
FN:5,useCatBreed
FN:9,(anonymous_1)
FN:10,(anonymous_2)
FNF:3
FNH:3
FNDA:6,useCatBreed
FNDA:8,(anonymous_1)
FNDA:6,(anonymous_2)
DA:6,6
DA:7,6
DA:8,6
DA:9,8
DA:10,6
DA:11,6
DA:12,6
DA:13,6
DA:14,6
DA:16,0
DA:17,0
DA:21,6
LF:12
LH:10
BRDA:13,0,0,2
BRDA:13,0,1,4
BRF:2
BRH:2
end_of_record
TN:
SF:C:\Personal project\accredify\Dev-Interview\front-end\boilerplate\src\router\index.js
FN:16,(anonymous_0)
FN:21,(anonymous_1)
FNF:2
FNH:0
FNDA:0,(anonymous_0)
FNDA:0,(anonymous_1)
DA:4,0
DA:16,0
DA:21,0
DA:25,0
LF:4
LH:0
BRF:0
BRH:0
end_of_record
TN:
SF:C:\Personal project\accredify\Dev-Interview\front-end\boilerplate\src\store\action_types.js
FNF:0
FNH:0
DA:1,3
DA:2,3
LF:2
LH:2
BRF:0
BRH:0
end_of_record
TN:
SF:C:\Personal project\accredify\Dev-Interview\front-end\boilerplate\src\store\actions.js
FN:10,(anonymous_0)
FN:20,(anonymous_1)
FNF:2
FNH:0
FNDA:0,(anonymous_0)
FNDA:0,(anonymous_1)
DA:7,0
DA:11,0
DA:12,0
DA:13,0
DA:14,0
DA:15,0
DA:17,0
DA:21,0
DA:22,0
DA:23,0
DA:24,0
DA:25,0
DA:27,0
LF:13
LH:0
BRF:0
BRH:0
end_of_record
TN:
SF:C:\Personal project\accredify\Dev-Interview\front-end\boilerplate\src\store\getters.js
FN:2,(anonymous_0)
FN:5,(anonymous_1)
FN:8,(anonymous_2)
FNF:3
FNH:3
FNDA:3,(anonymous_0)
FNDA:8,(anonymous_1)
FNDA:7,(anonymous_2)
DA:3,3
DA:6,8
DA:9,7
LF:3
LH:3
BRF:0
BRH:0
end_of_record
TN:
SF:C:\Personal project\accredify\Dev-Interview\front-end\boilerplate\src\store\index.js
FNF:0
FNH:0
LF:0
LH:0
BRF:0
BRH:0
end_of_record
TN:
SF:C:\Personal project\accredify\Dev-Interview\front-end\boilerplate\src\store\mutations.js
FN:2,(anonymous_0)
FN:5,(anonymous_1)
FNF:2
FNH:2
FNDA:2,(anonymous_0)
FNDA:2,(anonymous_1)
DA:3,2
DA:6,2
LF:2
LH:2
BRF:0
BRH:0
end_of_record
TN:
SF:C:\Personal project\accredify\Dev-Interview\front-end\boilerplate\src\store\state.js
FN:1,(anonymous_0)
FNF:1
FNH:1
FNDA:3,(anonymous_0)
DA:1,3
LF:1
LH:1
BRF:0
BRH:0
end_of_record
TN:
SF:C:\Personal project\accredify\Dev-Interview\front-end\boilerplate\src\views\Detail.vue
FN:22,(anonymous_0)
FN:26,(anonymous_1)
FN:28,(anonymous_2)
FNF:3
FNH:2
FNDA:3,(anonymous_0)
FNDA:4,(anonymous_1)
FNDA:0,(anonymous_2)
DA:10,1
DA:11,1
DA:12,1
DA:13,1
DA:14,1
DA:15,1
DA:17,1
DA:23,3
DA:24,3
DA:25,3
DA:26,4
DA:28,0
DA:31,3
LF:13
LH:12
BRDA:28,0,0,0
BRDA:28,0,1,0
BRDA:28,1,0,0
BRDA:28,1,1,0
BRDA:28,2,0,0
BRDA:28,2,1,0
BRDA:28,3,0,0
BRDA:28,3,1,0
BRF:8
BRH:0
end_of_record
TN:
SF:C:\Personal project\accredify\Dev-Interview\front-end\boilerplate\src\views\Home.vue
FN:30,(anonymous_0)
FN:35,(anonymous_1)
FN:36,(anonymous_2)
FN:36,(anonymous_3)
FN:41,gotoDetail
FNF:5
FNH:3
FNDA:3,(anonymous_0)
FNDA:3,(anonymous_1)
FNDA:4,(anonymous_2)
FNDA:0,(anonymous_3)
FNDA:0,gotoDetail
DA:17,1
DA:18,1
DA:19,1
DA:20,1
DA:21,1
DA:22,1
DA:23,1
DA:25,1
DA:31,3
DA:32,3
DA:33,3
DA:34,3
DA:35,3
DA:36,4
DA:42,0
DA:44,3
LF:16
LH:15
BRDA:37,0,0,0
BRDA:37,0,1,0
BRDA:37,1,0,0
BRDA:37,1,1,0
BRDA:37,2,0,0
BRDA:37,2,1,0
BRDA:37,3,0,0
BRDA:37,3,1,0
BRDA:38,4,0,0
BRDA:38,4,1,0
BRDA:38,5,0,0
BRDA:38,5,1,0
BRF:12
BRH:0
end_of_record
